[0m11:33:53.454999 [debug] [MainThread]: Sending event: {'category': 'dbt', 'action': 'invocation', 'label': 'start', 'context': [<snowplow_tracker.self_describing_json.SelfDescribingJson object at 0x7ff014168c20>, <snowplow_tracker.self_describing_json.SelfDescribingJson object at 0x7ff0137aac10>, <snowplow_tracker.self_describing_json.SelfDescribingJson object at 0x7ff01329f9d0>]}


============================== 11:33:53.465215 | bff678a2-ea43-448e-b8bf-7fa507423718 ==============================
[0m11:33:53.465215 [info ] [MainThread]: Running with dbt=1.9.4
[0m11:33:53.466879 [debug] [MainThread]: running dbt with arguments {'printer_width': '80', 'indirect_selection': 'eager', 'write_json': 'True', 'log_cache_events': 'False', 'partial_parse': 'True', 'cache_selected_only': 'False', 'profiles_dir': '/home/kantundpeterpan/.dbt', 'debug': 'False', 'version_check': 'True', 'log_path': 'logs', 'fail_fast': 'False', 'warn_error': 'None', 'use_colors': 'True', 'use_experimental_parser': 'False', 'empty': 'None', 'quiet': 'False', 'no_print': 'None', 'log_format': 'default', 'introspect': 'True', 'warn_error_options': 'WarnErrorOptions(include=[], exclude=[])', 'invocation_command': 'dbt init', 'target_path': 'None', 'static_parser': 'True', 'send_anonymous_usage_stats': 'True'}
[0m11:34:10.268791 [debug] [MainThread]: Starter project path: /home/kantundpeterpan/projects/probstats/hasselt/digital_epi/project/.venv/lib/python3.13/site-packages/dbt/include/starter_project
[0m11:34:10.287115 [info ] [MainThread]: 
Your new dbt project "digepi_bsky" was created!

For more information on how to configure the profiles.yml file,
please consult the dbt documentation here:

  https://docs.getdbt.com/docs/configure-your-profile

One more thing:

Need help? Don't hesitate to reach out to us via GitHub issues or on Slack:

  https://community.getdbt.com/

Happy modeling!

[0m11:34:10.288712 [info ] [MainThread]: Setting up your profile.
[0m11:34:10.293782 [error] [MainThread]: Encountered an error:
Runtime Error
  No adapters available. Learn how to install an adapter by going to https://docs.getdbt.com/docs/connect-adapters#install-using-the-cli
[0m11:34:10.297064 [debug] [MainThread]: Resource report: {"command_name": "init", "command_success": false, "command_wall_clock_time": 17.097406, "process_in_blocks": "600", "process_kernel_time": 0.296406, "process_mem_max_rss": "102912", "process_out_blocks": "728", "process_user_time": 2.43594}
[0m11:34:10.298435 [debug] [MainThread]: Command `dbt init` failed at 11:34:10.298076 after 17.10 seconds
[0m11:34:10.299524 [debug] [MainThread]: Sending event: {'category': 'dbt', 'action': 'invocation', 'label': 'end', 'context': [<snowplow_tracker.self_describing_json.SelfDescribingJson object at 0x7ff0132f7820>, <snowplow_tracker.self_describing_json.SelfDescribingJson object at 0x7ff0131bccb0>, <snowplow_tracker.self_describing_json.SelfDescribingJson object at 0x7ff0133745a0>]}
[0m11:34:10.303515 [debug] [MainThread]: Flushing usage events
[0m11:34:10.794922 [debug] [MainThread]: An error was encountered while trying to flush usage events
[0m11:49:11.862895 [debug] [MainThread]: Sending event: {'category': 'dbt', 'action': 'invocation', 'label': 'start', 'context': [<snowplow_tracker.self_describing_json.SelfDescribingJson object at 0x7f205774cc20>, <snowplow_tracker.self_describing_json.SelfDescribingJson object at 0x7f2056f8ac10>, <snowplow_tracker.self_describing_json.SelfDescribingJson object at 0x7f2056a7f9d0>]}


============================== 11:49:11.874683 | 84ac9fc1-4cd9-4231-8f21-7760b4274c83 ==============================
[0m11:49:11.874683 [info ] [MainThread]: Running with dbt=1.9.4
[0m11:49:11.876391 [debug] [MainThread]: running dbt with arguments {'printer_width': '80', 'indirect_selection': 'eager', 'write_json': 'True', 'log_cache_events': 'False', 'partial_parse': 'True', 'cache_selected_only': 'False', 'profiles_dir': '/home/kantundpeterpan/.dbt', 'debug': 'False', 'fail_fast': 'False', 'log_path': 'logs', 'warn_error': 'None', 'version_check': 'True', 'use_colors': 'True', 'use_experimental_parser': 'False', 'empty': 'None', 'quiet': 'False', 'no_print': 'None', 'log_format': 'default', 'invocation_command': 'dbt debug', 'static_parser': 'True', 'warn_error_options': 'WarnErrorOptions(include=[], exclude=[])', 'target_path': 'None', 'introspect': 'True', 'send_anonymous_usage_stats': 'True'}
[0m11:49:12.017529 [info ] [MainThread]: dbt version: 1.9.4
[0m11:49:12.019630 [info ] [MainThread]: python version: 3.13.2
[0m11:49:12.020524 [info ] [MainThread]: python path: /home/kantundpeterpan/projects/probstats/hasselt/digital_epi/project/.venv/bin/python3
[0m11:49:12.021537 [info ] [MainThread]: os info: Linux-5.4.0-208-generic-x86_64-with-glibc2.31
[0m11:49:14.163437 [info ] [MainThread]: Using profiles dir at /home/kantundpeterpan/.dbt
[0m11:49:14.164254 [info ] [MainThread]: Using profiles.yml file at /home/kantundpeterpan/.dbt/profiles.yml
[0m11:49:14.164868 [info ] [MainThread]: Using dbt_project.yml file at /home/kantundpeterpan/projects/probstats/hasselt/digital_epi/project/dbt/dbt_project.yml
[0m11:49:14.165466 [info ] [MainThread]: Configuration:
[0m11:49:14.165999 [info ] [MainThread]:   profiles.yml file [[31mERROR invalid[0m]
[0m11:49:14.166530 [info ] [MainThread]:   dbt_project.yml file [[31mERROR not found[0m]
[0m11:49:14.167049 [info ] [MainThread]: Required dependencies:
[0m11:49:14.167625 [debug] [MainThread]: Executing "git --help"
[0m11:49:14.173585 [debug] [MainThread]: STDOUT: "b"usage: git [--version] [--help] [-C <path>] [-c <name>=<value>]\n           [--exec-path[=<path>]] [--html-path] [--man-path] [--info-path]\n           [-p | --paginate | -P | --no-pager] [--no-replace-objects] [--bare]\n           [--git-dir=<path>] [--work-tree=<path>] [--namespace=<name>]\n           <command> [<args>]\n\nThese are common Git commands used in various situations:\n\nstart a working area (see also: git help tutorial)\n   clone             Clone a repository into a new directory\n   init              Create an empty Git repository or reinitialize an existing one\n\nwork on the current change (see also: git help everyday)\n   add               Add file contents to the index\n   mv                Move or rename a file, a directory, or a symlink\n   restore           Restore working tree files\n   rm                Remove files from the working tree and from the index\n   sparse-checkout   Initialize and modify the sparse-checkout\n\nexamine the history and state (see also: git help revisions)\n   bisect            Use binary search to find the commit that introduced a bug\n   diff              Show changes between commits, commit and working tree, etc\n   grep              Print lines matching a pattern\n   log               Show commit logs\n   show              Show various types of objects\n   status            Show the working tree status\n\ngrow, mark and tweak your common history\n   branch            List, create, or delete branches\n   commit            Record changes to the repository\n   merge             Join two or more development histories together\n   rebase            Reapply commits on top of another base tip\n   reset             Reset current HEAD to the specified state\n   switch            Switch branches\n   tag               Create, list, delete or verify a tag object signed with GPG\n\ncollaborate (see also: git help workflows)\n   fetch             Download objects and refs from another repository\n   pull              Fetch from and integrate with another repository or a local branch\n   push              Update remote refs along with associated objects\n\n'git help -a' and 'git help -g' list available subcommands and some\nconcept guides. See 'git help <command>' or 'git help <concept>'\nto read about a specific subcommand or concept.\nSee 'git help git' for an overview of the system.\n""
[0m11:49:14.174959 [debug] [MainThread]: STDERR: "b''"
[0m11:49:14.175957 [info ] [MainThread]:  - git [[32mOK found[0m]

[0m11:49:14.177155 [info ] [MainThread]: Connection test skipped since no profile was found
[0m11:49:14.178371 [info ] [MainThread]: [31m2 checks failed:[0m
[0m11:49:14.179471 [info ] [MainThread]: Could not load dbt_project.yml
Profile loading failed for the following reason:
Runtime Error
  Credentials in profile "digepi_bsky", target "dev" invalid: Runtime Error
    Must specify schema


[0m11:49:14.181067 [info ] [MainThread]: Project loading failed for the following reason:
 project path </home/kantundpeterpan/projects/probstats/hasselt/digital_epi/project/dbt/dbt_project.yml> not found

[0m11:49:14.182917 [debug] [MainThread]: Resource report: {"command_name": "debug", "command_success": false, "command_wall_clock_time": 2.6488755, "process_in_blocks": "13528", "process_kernel_time": 0.894495, "process_mem_max_rss": "231004", "process_out_blocks": "80", "process_user_time": 4.99273}
[0m11:49:14.184274 [debug] [MainThread]: Command `dbt debug` failed at 11:49:14.183960 after 2.65 seconds
[0m11:49:14.185626 [debug] [MainThread]: Sending event: {'category': 'dbt', 'action': 'invocation', 'label': 'end', 'context': [<snowplow_tracker.self_describing_json.SelfDescribingJson object at 0x7f20319eb950>, <snowplow_tracker.self_describing_json.SelfDescribingJson object at 0x7f20319dbd10>, <snowplow_tracker.self_describing_json.SelfDescribingJson object at 0x7f2031a06cf0>]}
[0m11:49:14.188059 [debug] [MainThread]: Flushing usage events
[0m11:49:14.714962 [debug] [MainThread]: An error was encountered while trying to flush usage events
[0m14:30:25.102869 [debug] [MainThread]: Sending event: {'category': 'dbt', 'action': 'invocation', 'label': 'start', 'context': [<snowplow_tracker.self_describing_json.SelfDescribingJson object at 0x7fc0a86d8c20>, <snowplow_tracker.self_describing_json.SelfDescribingJson object at 0x7fc0a7f16c10>, <snowplow_tracker.self_describing_json.SelfDescribingJson object at 0x7fc0a7a0b9d0>]}


============================== 14:30:25.260777 | 0848934d-e091-4258-b331-578f5c20dc63 ==============================
[0m14:30:25.260777 [info ] [MainThread]: Running with dbt=1.9.4
[0m14:30:25.262623 [debug] [MainThread]: running dbt with arguments {'printer_width': '80', 'indirect_selection': 'eager', 'write_json': 'True', 'log_cache_events': 'False', 'partial_parse': 'True', 'cache_selected_only': 'False', 'profiles_dir': '/home/kantundpeterpan/.dbt', 'debug': 'False', 'version_check': 'True', 'log_path': 'logs', 'warn_error': 'None', 'fail_fast': 'False', 'use_colors': 'True', 'use_experimental_parser': 'False', 'no_print': 'None', 'quiet': 'False', 'empty': 'False', 'log_format': 'default', 'invocation_command': 'dbt compile', 'static_parser': 'True', 'introspect': 'True', 'target_path': 'None', 'warn_error_options': 'WarnErrorOptions(include=[], exclude=[])', 'send_anonymous_usage_stats': 'True'}
[0m14:30:25.264562 [error] [MainThread]: Encountered an error:
Runtime Error
  No dbt_project.yml found at expected path /home/kantundpeterpan/projects/probstats/hasselt/digital_epi/project/dbt/dbt_project.yml
  Verify that each entry within packages.yml (and their transitive dependencies) contains a file named dbt_project.yml
  
[0m14:30:25.266879 [debug] [MainThread]: Resource report: {"command_name": "compile", "command_success": false, "command_wall_clock_time": 0.8677471, "process_in_blocks": "66656", "process_kernel_time": 0.69622, "process_mem_max_rss": "99812", "process_out_blocks": "8", "process_user_time": 4.300944}
[0m14:30:25.268181 [debug] [MainThread]: Command `dbt compile` failed at 14:30:25.267875 after 0.87 seconds
[0m14:30:25.269386 [debug] [MainThread]: Sending event: {'category': 'dbt', 'action': 'invocation', 'label': 'end', 'context': [<snowplow_tracker.self_describing_json.SelfDescribingJson object at 0x7fc0a7a64d60>, <snowplow_tracker.self_describing_json.SelfDescribingJson object at 0x7fc0a7b45490>, <snowplow_tracker.self_describing_json.SelfDescribingJson object at 0x7fc0a7ca3ac0>]}
[0m14:30:25.270548 [debug] [MainThread]: Flushing usage events
[0m14:30:25.894342 [debug] [MainThread]: An error was encountered while trying to flush usage events
