Downloading:   0%|[32m          [0m|Downloading: 100%|[32m██████████[0m|
            grippe_posts  rest_posts  ...  season_lag1 day_lag1
date                                  ...                      
2023-08-03             0           7  ...       Summer        2
2023-08-04             5           6  ...       Summer        3
2023-08-05             0           6  ...       Summer        4
2023-08-06             0           4  ...       Summer        5
2023-08-07             2           9  ...       Summer        6
...                  ...         ...  ...          ...      ...
2025-04-04            33         569  ...       Spring        3
2025-04-05            25         384  ...       Spring        4
2025-04-06             0           0  ...       Spring        5
2025-04-07            34         491  ...       Spring        6
2025-04-08            25        1343  ...       Spring        7

[615 rows x 16 columns]
date
2023-08-04     0.000000
2023-08-05     0.000000
2023-08-06     0.000000
2023-08-07    22.309261
2023-08-08    23.289469
                ...    
2025-04-05     0.000000
2025-04-06     0.000000
2025-04-07     0.000000
2025-04-08     0.000000
2025-04-09     0.000000
Name: ili_incidence, Length: 615, dtype: float64
Mean Absolute Error:     42.25742 +/- 36.60647
Root Mean Squared Error: 42.25742 +/- 36.60647

Training R^2: 0.987
Training MAE: 10.69071
Training RMSE: 13.66886

