Downloading:   0%|[32m          [0m|Downloading: 100%|[32m██████████[0m|
(87, 13)
Fold 0:
  Train: index=[ 0  1  2  3  4  5  6  7  8  9 10 11 12 13 14 15 16 17 18 19 20 21 22 23
 24 25 26 27 28 29 30 31 32 33 34 35 36 37 38 39 40 41 42 43 44 45]
  Test:  index=[46 47 48 49 50]
Fold 1:
  Train: index=[ 0  1  2  3  4  5  6  7  8  9 10 11 12 13 14 15 16 17 18 19 20 21 22 23
 24 25 26 27 28 29 30 31 32 33 34 35 36 37 38 39 40 41 42 43 44 45 46 47
 48 49 50]
  Test:  index=[51 52 53 54 55]
Fold 2:
  Train: index=[ 0  1  2  3  4  5  6  7  8  9 10 11 12 13 14 15 16 17 18 19 20 21 22 23
 24 25 26 27 28 29 30 31 32 33 34 35 36 37 38 39 40 41 42 43 44 45 46 47
 48 49 50 51 52 53 54 55]
  Test:  index=[56 57 58 59 60]
Fold 3:
  Train: index=[ 0  1  2  3  4  5  6  7  8  9 10 11 12 13 14 15 16 17 18 19 20 21 22 23
 24 25 26 27 28 29 30 31 32 33 34 35 36 37 38 39 40 41 42 43 44 45 46 47
 48 49 50 51 52 53 54 55 56 57 58 59 60]
  Test:  index=[61 62 63 64 65]
Fold 4:
  Train: index=[ 0  1  2  3  4  5  6  7  8  9 10 11 12 13 14 15 16 17 18 19 20 21 22 23
 24 25 26 27 28 29 30 31 32 33 34 35 36 37 38 39 40 41 42 43 44 45 46 47
 48 49 50 51 52 53 54 55 56 57 58 59 60 61 62 63 64 65]
  Test:  index=[66 67 68 69 70]
Mean Absolute Error:     0.00055 +/- 0.00023
Root Mean Squared Error: 0.00060 +/- 0.00024
