Downloading:   0%|[32m          [0m|Downloading: 100%|[32m██████████[0m|
            grippe_posts  rest_posts  ...  season_lag7 day_lag7
date                                  ...                      
2023-08-13             2          17  ...       Summer        6
2023-08-14             0          12  ...       Summer        7
2023-08-15             2          17  ...       Summer        8
2023-08-16             2          27  ...       Summer        9
2023-08-17             3          38  ...       Summer       10
...                  ...         ...  ...          ...      ...
2025-03-25            38         610  ...       Spring       18
2025-03-26            37         678  ...       Spring       19
2025-03-27            27         707  ...       Spring       20
2025-03-28            34         650  ...       Spring       21
2025-03-29            38         660  ...       Spring       22

[595 rows x 64 columns]
date
2023-08-14    29.170718
2023-08-15    30.807446
2023-08-16    32.444174
2023-08-17    34.080902
2023-08-18    35.717630
                ...    
2025-03-26    62.396661
2025-03-27    63.453463
2025-03-28    64.510265
2025-03-29    65.567067
2025-03-30    66.623868
Name: ili_incidence, Length: 595, dtype: float64
Mean Absolute Error:     31.67465 +/- 31.07836
Median MAE + [2.5, 97.5] Percentiles: 19.42036 + [2.30717, 103.48881]
Root Mean Squared Error: 31.67465 +/- 31.07836

Training R^2: 0.994
Training MAE: 7.29163
Training RMSE: 9.26424

