Downloading:   0%|[32m          [0m|Downloading: 100%|[32m██████████[0m|
(87, 13)
Fold 0:
  Train: index=[ 0  1  2  3  4  5  6  7  8  9 10 11 12 13 14 15 16 17 18 19 20 21 22 23]
  Test:  index=[24 25 26 27 28]
Fold 1:
  Train: index=[ 0  1  2  3  4  5  6  7  8  9 10 11 12 13 14 15 16 17 18 19 20 21 22 23
 24 25 26 27 28]
  Test:  index=[29 30 31 32 33]
Fold 2:
  Train: index=[ 0  1  2  3  4  5  6  7  8  9 10 11 12 13 14 15 16 17 18 19 20 21 22 23
 24 25 26 27 28 29 30 31 32 33]
  Test:  index=[34 35 36 37 38]
Fold 3:
  Train: index=[ 0  1  2  3  4  5  6  7  8  9 10 11 12 13 14 15 16 17 18 19 20 21 22 23
 24 25 26 27 28 29 30 31 32 33 34 35 36 37 38]
  Test:  index=[39 40 41 42 43]
Fold 4:
  Train: index=[ 0  1  2  3  4  5  6  7  8  9 10 11 12 13 14 15 16 17 18 19 20 21 22 23
 24 25 26 27 28 29 30 31 32 33 34 35 36 37 38 39 40 41 42 43]
  Test:  index=[44 45 46 47 48]
Mean Absolute Error:     0.27137 +/- 0.12511
Root Mean Squared Error: 0.27820 +/- 0.11785

Training R^2: 0.841
Training MAE: 0.09184

Test R^2: 0.176
Test MAE: 0.19107
