Downloading:   0%|[32m          [0m|Downloading: 100%|[32m██████████[0m|
            ili_posts  control_posts  ...  week_lag2 season_lag2
date                                  ...                       
2023-08-21         77           7501  ...         32      Summer
2023-08-28        124           9470  ...         33      Summer
2023-09-04        183          12750  ...         34      Summer
2023-09-11        294          17651  ...         35      Summer
2023-09-18        464          24667  ...         36      Autumn
...               ...            ...  ...        ...         ...
2025-02-24        507          32610  ...          7      Winter
2025-03-03        499          33094  ...          8      Winter
2025-03-10        415          33605  ...          9      Winter
2025-03-17        351          32857  ...         10      Spring
2025-03-24        262          33967  ...         11      Spring

[84 rows x 21 columns]
date
2023-08-28     796.999244
2023-09-04     943.899716
2023-09-11    1058.897115
2023-09-18    1140.999107
2023-09-25    1275.856422
                 ...     
2025-03-03    1842.999290
2025-03-10    1859.999796
2025-03-17    1498.898534
2025-03-24    1388.891860
2025-03-31    1365.878518
Name: ari_incidence, Length: 84, dtype: float64
Mean Absolute Error:     318.72142 +/- 301.24578
Median MAE + [2.5, 97.5] Percentiles: 236.71526 + [8.90812, 1232.30221]
Root Mean Squared Error: 318.72142 +/- 301.24578

Training R^2: 0.876
Training MAE: 126.84669
Training RMSE: 181.59108

date
2023-08-07    0.005840
2023-08-14    0.006380
2023-08-21    0.006850
2023-08-28    0.007970
2023-09-04    0.009439
                ...   
2025-03-03    0.018430
2025-03-10    0.018600
2025-03-17    0.014989
2025-03-24    0.013889
2025-03-31    0.013659
Name: ari_incidence, Length: 87, dtype: float64
